<?xml version="1.0" encoding="UTF-8"?>
<!-- Generated by org.testng.reporters.JUnitXMLReporter -->
<testsuite hostname="Suuresh-PC" ignored="0" name="Firefox" tests="3" failures="0" timestamp="05 Nov 2018 04:04:17 GMT" time="25.644" errors="0">
  <testcase name="openBrowser" time="6.373" classname="tesgNGTestCases.Parameters"/>
  <testcase name="openUrl" time="7.474" classname="tesgNGTestCases.Parameters"/>
  <testcase name="login" time="11.736" classname="tesgNGTestCases.Parameters"/>
</testsuite> <!-- Firefox -->
